{"/home/fotekokk/Documents/Coding/SoftwareEngineering/PractiseForExams/server.js": {"path":"/home/fotekokk/Documents/Coding/SoftwareEngineering/PractiseForExams/server.js","statementMap":{"0":{"start":{"line":1,"column":16},"end":{"line":1,"column":34}},"1":{"start":{"line":2,"column":13},"end":{"line":2,"column":28}},"2":{"start":{"line":3,"column":12},"end":{"line":3,"column":21}},"3":{"start":{"line":4,"column":13},"end":{"line":4,"column":17}},"4":{"start":{"line":7,"column":0},"end":{"line":7,"column":16}},"5":{"start":{"line":8,"column":0},"end":{"line":8,"column":24}},"6":{"start":{"line":11,"column":12},"end":{"line":14,"column":1}},"7":{"start":{"line":16,"column":14},"end":{"line":19,"column":1}},"8":{"start":{"line":21,"column":17},"end":{"line":24,"column":1}},"9":{"start":{"line":26,"column":20},"end":{"line":26,"column":21}},"10":{"start":{"line":27,"column":22},"end":{"line":27,"column":23}},"11":{"start":{"line":28,"column":24},"end":{"line":28,"column":25}},"12":{"start":{"line":33,"column":0},"end":{"line":35,"column":3}},"13":{"start":{"line":34,"column":2},"end":{"line":34,"column":30}},"14":{"start":{"line":38,"column":0},"end":{"line":45,"column":3}},"15":{"start":{"line":39,"column":17},"end":{"line":39,"column":44}},"16":{"start":{"line":40,"column":15},"end":{"line":40,"column":47}},"17":{"start":{"line":40,"column":31},"end":{"line":40,"column":46}},"18":{"start":{"line":44,"column":2},"end":{"line":44,"column":35}},"19":{"start":{"line":48,"column":0},"end":{"line":62,"column":3}},"20":{"start":{"line":49,"column":60},"end":{"line":49,"column":68}},"21":{"start":{"line":52,"column":18},"end":{"line":58,"column":3}},"22":{"start":{"line":60,"column":2},"end":{"line":60,"column":22}},"23":{"start":{"line":61,"column":2},"end":{"line":61,"column":32}},"24":{"start":{"line":65,"column":0},"end":{"line":91,"column":3}},"25":{"start":{"line":66,"column":17},"end":{"line":66,"column":44}},"26":{"start":{"line":67,"column":60},"end":{"line":67,"column":68}},"27":{"start":{"line":69,"column":20},"end":{"line":69,"column":57}},"28":{"start":{"line":69,"column":41},"end":{"line":69,"column":56}},"29":{"start":{"line":72,"column":2},"end":{"line":82,"column":3}},"30":{"start":{"line":73,"column":20},"end":{"line":79,"column":5}},"31":{"start":{"line":80,"column":4},"end":{"line":80,"column":24}},"32":{"start":{"line":81,"column":4},"end":{"line":81,"column":41}},"33":{"start":{"line":85,"column":2},"end":{"line":85,"column":44}},"34":{"start":{"line":85,"column":13},"end":{"line":85,"column":44}},"35":{"start":{"line":86,"column":2},"end":{"line":86,"column":66}},"36":{"start":{"line":86,"column":17},"end":{"line":86,"column":66}},"37":{"start":{"line":87,"column":2},"end":{"line":87,"column":72}},"38":{"start":{"line":87,"column":19},"end":{"line":87,"column":72}},"39":{"start":{"line":88,"column":2},"end":{"line":88,"column":81}},"40":{"start":{"line":88,"column":22},"end":{"line":88,"column":81}},"41":{"start":{"line":90,"column":2},"end":{"line":90,"column":41}},"42":{"start":{"line":94,"column":0},"end":{"line":101,"column":3}},"43":{"start":{"line":95,"column":17},"end":{"line":95,"column":44}},"44":{"start":{"line":97,"column":2},"end":{"line":97,"column":45}},"45":{"start":{"line":97,"column":28},"end":{"line":97,"column":43}},"46":{"start":{"line":100,"column":2},"end":{"line":100,"column":25}},"47":{"start":{"line":106,"column":0},"end":{"line":108,"column":3}},"48":{"start":{"line":107,"column":2},"end":{"line":107,"column":32}},"49":{"start":{"line":111,"column":0},"end":{"line":117,"column":3}},"50":{"start":{"line":112,"column":19},"end":{"line":112,"column":48}},"51":{"start":{"line":113,"column":17},"end":{"line":113,"column":53}},"52":{"start":{"line":113,"column":35},"end":{"line":113,"column":52}},"53":{"start":{"line":116,"column":2},"end":{"line":116,"column":37}},"54":{"start":{"line":120,"column":0},"end":{"line":131,"column":3}},"55":{"start":{"line":121,"column":19},"end":{"line":121,"column":27}},"56":{"start":{"line":124,"column":20},"end":{"line":127,"column":3}},"57":{"start":{"line":129,"column":2},"end":{"line":129,"column":26}},"58":{"start":{"line":130,"column":2},"end":{"line":130,"column":34}},"59":{"start":{"line":134,"column":0},"end":{"line":152,"column":3}},"60":{"start":{"line":135,"column":19},"end":{"line":135,"column":48}},"61":{"start":{"line":136,"column":19},"end":{"line":136,"column":27}},"62":{"start":{"line":138,"column":22},"end":{"line":138,"column":63}},"63":{"start":{"line":138,"column":45},"end":{"line":138,"column":62}},"64":{"start":{"line":141,"column":2},"end":{"line":148,"column":3}},"65":{"start":{"line":142,"column":22},"end":{"line":145,"column":5}},"66":{"start":{"line":146,"column":4},"end":{"line":146,"column":28}},"67":{"start":{"line":147,"column":4},"end":{"line":147,"column":43}},"68":{"start":{"line":150,"column":2},"end":{"line":150,"column":35}},"69":{"start":{"line":151,"column":2},"end":{"line":151,"column":45}},"70":{"start":{"line":155,"column":0},"end":{"line":161,"column":3}},"71":{"start":{"line":156,"column":19},"end":{"line":156,"column":48}},"72":{"start":{"line":158,"column":2},"end":{"line":158,"column":51}},"73":{"start":{"line":158,"column":32},"end":{"line":158,"column":49}},"74":{"start":{"line":160,"column":2},"end":{"line":160,"column":25}},"75":{"start":{"line":166,"column":0},"end":{"line":168,"column":3}},"76":{"start":{"line":167,"column":2},"end":{"line":167,"column":35}},"77":{"start":{"line":171,"column":0},"end":{"line":177,"column":3}},"78":{"start":{"line":172,"column":21},"end":{"line":172,"column":52}},"79":{"start":{"line":173,"column":19},"end":{"line":173,"column":60}},"80":{"start":{"line":173,"column":40},"end":{"line":173,"column":59}},"81":{"start":{"line":176,"column":2},"end":{"line":176,"column":39}},"82":{"start":{"line":180,"column":0},"end":{"line":191,"column":3}},"83":{"start":{"line":181,"column":19},"end":{"line":181,"column":27}},"84":{"start":{"line":184,"column":22},"end":{"line":187,"column":3}},"85":{"start":{"line":189,"column":2},"end":{"line":189,"column":31}},"86":{"start":{"line":190,"column":2},"end":{"line":190,"column":36}},"87":{"start":{"line":194,"column":0},"end":{"line":212,"column":3}},"88":{"start":{"line":195,"column":21},"end":{"line":195,"column":52}},"89":{"start":{"line":196,"column":19},"end":{"line":196,"column":27}},"90":{"start":{"line":198,"column":24},"end":{"line":198,"column":70}},"91":{"start":{"line":198,"column":50},"end":{"line":198,"column":69}},"92":{"start":{"line":201,"column":2},"end":{"line":208,"column":3}},"93":{"start":{"line":202,"column":24},"end":{"line":205,"column":5}},"94":{"start":{"line":206,"column":4},"end":{"line":206,"column":33}},"95":{"start":{"line":207,"column":4},"end":{"line":207,"column":45}},"96":{"start":{"line":210,"column":2},"end":{"line":210,"column":40}},"97":{"start":{"line":211,"column":2},"end":{"line":211,"column":50}},"98":{"start":{"line":215,"column":0},"end":{"line":221,"column":3}},"99":{"start":{"line":216,"column":21},"end":{"line":216,"column":52}},"100":{"start":{"line":218,"column":2},"end":{"line":218,"column":59}},"101":{"start":{"line":218,"column":38},"end":{"line":218,"column":57}},"102":{"start":{"line":220,"column":2},"end":{"line":220,"column":25}},"103":{"start":{"line":225,"column":0},"end":{"line":253,"column":3}},"104":{"start":{"line":226,"column":2},"end":{"line":252,"column":5}},"105":{"start":{"line":258,"column":0},"end":{"line":276,"column":3}},"106":{"start":{"line":259,"column":2},"end":{"line":259,"column":67}},"107":{"start":{"line":260,"column":2},"end":{"line":260,"column":40}},"108":{"start":{"line":261,"column":2},"end":{"line":261,"column":31}},"109":{"start":{"line":262,"column":2},"end":{"line":262,"column":35}},"110":{"start":{"line":263,"column":2},"end":{"line":263,"column":31}},"111":{"start":{"line":264,"column":2},"end":{"line":264,"column":35}},"112":{"start":{"line":265,"column":2},"end":{"line":265,"column":37}},"113":{"start":{"line":266,"column":2},"end":{"line":266,"column":33}},"114":{"start":{"line":267,"column":2},"end":{"line":267,"column":37}},"115":{"start":{"line":268,"column":2},"end":{"line":268,"column":33}},"116":{"start":{"line":269,"column":2},"end":{"line":269,"column":37}},"117":{"start":{"line":270,"column":2},"end":{"line":270,"column":39}},"118":{"start":{"line":271,"column":2},"end":{"line":271,"column":36}},"119":{"start":{"line":272,"column":2},"end":{"line":272,"column":40}},"120":{"start":{"line":273,"column":2},"end":{"line":273,"column":36}},"121":{"start":{"line":274,"column":2},"end":{"line":274,"column":40}},"122":{"start":{"line":275,"column":2},"end":{"line":275,"column":42}},"123":{"start":{"line":278,"column":0},"end":{"line":278,"column":21}}},"fnMap":{"0":{"name":"(anonymous_0)","decl":{"start":{"line":33,"column":18},"end":{"line":33,"column":19}},"loc":{"start":{"line":33,"column":32},"end":{"line":35,"column":1}},"line":33},"1":{"name":"(anonymous_1)","decl":{"start":{"line":38,"column":26},"end":{"line":38,"column":27}},"loc":{"start":{"line":38,"column":40},"end":{"line":45,"column":1}},"line":38},"2":{"name":"(anonymous_2)","decl":{"start":{"line":40,"column":26},"end":{"line":40,"column":27}},"loc":{"start":{"line":40,"column":31},"end":{"line":40,"column":46}},"line":40},"3":{"name":"(anonymous_3)","decl":{"start":{"line":48,"column":19},"end":{"line":48,"column":20}},"loc":{"start":{"line":48,"column":33},"end":{"line":62,"column":1}},"line":48},"4":{"name":"(anonymous_4)","decl":{"start":{"line":65,"column":26},"end":{"line":65,"column":27}},"loc":{"start":{"line":65,"column":40},"end":{"line":91,"column":1}},"line":65},"5":{"name":"(anonymous_5)","decl":{"start":{"line":69,"column":36},"end":{"line":69,"column":37}},"loc":{"start":{"line":69,"column":41},"end":{"line":69,"column":56}},"line":69},"6":{"name":"(anonymous_6)","decl":{"start":{"line":94,"column":29},"end":{"line":94,"column":30}},"loc":{"start":{"line":94,"column":43},"end":{"line":101,"column":1}},"line":94},"7":{"name":"(anonymous_7)","decl":{"start":{"line":97,"column":23},"end":{"line":97,"column":24}},"loc":{"start":{"line":97,"column":28},"end":{"line":97,"column":43}},"line":97},"8":{"name":"(anonymous_8)","decl":{"start":{"line":106,"column":20},"end":{"line":106,"column":21}},"loc":{"start":{"line":106,"column":34},"end":{"line":108,"column":1}},"line":106},"9":{"name":"(anonymous_9)","decl":{"start":{"line":111,"column":30},"end":{"line":111,"column":31}},"loc":{"start":{"line":111,"column":44},"end":{"line":117,"column":1}},"line":111},"10":{"name":"(anonymous_10)","decl":{"start":{"line":113,"column":30},"end":{"line":113,"column":31}},"loc":{"start":{"line":113,"column":35},"end":{"line":113,"column":52}},"line":113},"11":{"name":"(anonymous_11)","decl":{"start":{"line":120,"column":21},"end":{"line":120,"column":22}},"loc":{"start":{"line":120,"column":35},"end":{"line":131,"column":1}},"line":120},"12":{"name":"(anonymous_12)","decl":{"start":{"line":134,"column":30},"end":{"line":134,"column":31}},"loc":{"start":{"line":134,"column":44},"end":{"line":152,"column":1}},"line":134},"13":{"name":"(anonymous_13)","decl":{"start":{"line":138,"column":40},"end":{"line":138,"column":41}},"loc":{"start":{"line":138,"column":45},"end":{"line":138,"column":62}},"line":138},"14":{"name":"(anonymous_14)","decl":{"start":{"line":155,"column":33},"end":{"line":155,"column":34}},"loc":{"start":{"line":155,"column":47},"end":{"line":161,"column":1}},"line":155},"15":{"name":"(anonymous_15)","decl":{"start":{"line":158,"column":27},"end":{"line":158,"column":28}},"loc":{"start":{"line":158,"column":32},"end":{"line":158,"column":49}},"line":158},"16":{"name":"(anonymous_16)","decl":{"start":{"line":166,"column":23},"end":{"line":166,"column":24}},"loc":{"start":{"line":166,"column":37},"end":{"line":168,"column":1}},"line":166},"17":{"name":"(anonymous_17)","decl":{"start":{"line":171,"column":35},"end":{"line":171,"column":36}},"loc":{"start":{"line":171,"column":49},"end":{"line":177,"column":1}},"line":171},"18":{"name":"(anonymous_18)","decl":{"start":{"line":173,"column":35},"end":{"line":173,"column":36}},"loc":{"start":{"line":173,"column":40},"end":{"line":173,"column":59}},"line":173},"19":{"name":"(anonymous_19)","decl":{"start":{"line":180,"column":24},"end":{"line":180,"column":25}},"loc":{"start":{"line":180,"column":38},"end":{"line":191,"column":1}},"line":180},"20":{"name":"(anonymous_20)","decl":{"start":{"line":194,"column":35},"end":{"line":194,"column":36}},"loc":{"start":{"line":194,"column":49},"end":{"line":212,"column":1}},"line":194},"21":{"name":"(anonymous_21)","decl":{"start":{"line":198,"column":45},"end":{"line":198,"column":46}},"loc":{"start":{"line":198,"column":50},"end":{"line":198,"column":69}},"line":198},"22":{"name":"(anonymous_22)","decl":{"start":{"line":215,"column":38},"end":{"line":215,"column":39}},"loc":{"start":{"line":215,"column":52},"end":{"line":221,"column":1}},"line":215},"23":{"name":"(anonymous_23)","decl":{"start":{"line":218,"column":33},"end":{"line":218,"column":34}},"loc":{"start":{"line":218,"column":38},"end":{"line":218,"column":57}},"line":218},"24":{"name":"(anonymous_24)","decl":{"start":{"line":225,"column":13},"end":{"line":225,"column":14}},"loc":{"start":{"line":225,"column":27},"end":{"line":253,"column":1}},"line":225},"25":{"name":"(anonymous_25)","decl":{"start":{"line":258,"column":17},"end":{"line":258,"column":18}},"loc":{"start":{"line":258,"column":23},"end":{"line":276,"column":1}},"line":258}},"branchMap":{"0":{"loc":{"start":{"line":44,"column":23},"end":{"line":44,"column":33}},"type":"binary-expr","locations":[{"start":{"line":44,"column":23},"end":{"line":44,"column":27}},{"start":{"line":44,"column":31},"end":{"line":44,"column":33}}],"line":44},"1":{"loc":{"start":{"line":72,"column":2},"end":{"line":82,"column":3}},"type":"if","locations":[{"start":{"line":72,"column":2},"end":{"line":82,"column":3}},{"start":{},"end":{}}],"line":72},"2":{"loc":{"start":{"line":85,"column":2},"end":{"line":85,"column":44}},"type":"if","locations":[{"start":{"line":85,"column":2},"end":{"line":85,"column":44}},{"start":{},"end":{}}],"line":85},"3":{"loc":{"start":{"line":86,"column":2},"end":{"line":86,"column":66}},"type":"if","locations":[{"start":{"line":86,"column":2},"end":{"line":86,"column":66}},{"start":{},"end":{}}],"line":86},"4":{"loc":{"start":{"line":87,"column":2},"end":{"line":87,"column":72}},"type":"if","locations":[{"start":{"line":87,"column":2},"end":{"line":87,"column":72}},{"start":{},"end":{}}],"line":87},"5":{"loc":{"start":{"line":88,"column":2},"end":{"line":88,"column":81}},"type":"if","locations":[{"start":{"line":88,"column":2},"end":{"line":88,"column":81}},{"start":{},"end":{}}],"line":88},"6":{"loc":{"start":{"line":116,"column":23},"end":{"line":116,"column":35}},"type":"binary-expr","locations":[{"start":{"line":116,"column":23},"end":{"line":116,"column":29}},{"start":{"line":116,"column":33},"end":{"line":116,"column":35}}],"line":116},"7":{"loc":{"start":{"line":141,"column":2},"end":{"line":148,"column":3}},"type":"if","locations":[{"start":{"line":141,"column":2},"end":{"line":148,"column":3}},{"start":{},"end":{}}],"line":141},"8":{"loc":{"start":{"line":176,"column":23},"end":{"line":176,"column":37}},"type":"binary-expr","locations":[{"start":{"line":176,"column":23},"end":{"line":176,"column":31}},{"start":{"line":176,"column":35},"end":{"line":176,"column":37}}],"line":176},"9":{"loc":{"start":{"line":201,"column":2},"end":{"line":208,"column":3}},"type":"if","locations":[{"start":{"line":201,"column":2},"end":{"line":208,"column":3}},{"start":{},"end":{}}],"line":201}},"s":{"0":1,"1":1,"2":1,"3":1,"4":1,"5":1,"6":1,"7":1,"8":1,"9":1,"10":1,"11":1,"12":1,"13":2,"14":1,"15":9,"16":9,"17":21,"18":9,"19":1,"20":5,"21":5,"22":5,"23":5,"24":1,"25":4,"26":4,"27":4,"28":12,"29":4,"30":2,"31":2,"32":2,"33":2,"34":2,"35":2,"36":0,"37":2,"38":0,"39":2,"40":1,"41":2,"42":1,"43":2,"44":2,"45":9,"46":2,"47":1,"48":3,"49":1,"50":2,"51":2,"52":3,"53":2,"54":1,"55":1,"56":1,"57":1,"58":1,"59":1,"60":2,"61":2,"62":2,"63":4,"64":2,"65":1,"66":1,"67":1,"68":1,"69":1,"70":1,"71":1,"72":1,"73":4,"74":1,"75":1,"76":1,"77":1,"78":2,"79":2,"80":3,"81":2,"82":1,"83":1,"84":1,"85":1,"86":1,"87":1,"88":2,"89":2,"90":2,"91":4,"92":2,"93":1,"94":1,"95":1,"96":1,"97":1,"98":1,"99":1,"100":1,"101":4,"102":1,"103":1,"104":1,"105":1,"106":1,"107":1,"108":1,"109":1,"110":1,"111":1,"112":1,"113":1,"114":1,"115":1,"116":1,"117":1,"118":1,"119":1,"120":1,"121":1,"122":1,"123":1},"f":{"0":2,"1":9,"2":21,"3":5,"4":4,"5":12,"6":2,"7":9,"8":3,"9":2,"10":3,"11":1,"12":2,"13":4,"14":1,"15":4,"16":1,"17":2,"18":3,"19":1,"20":2,"21":4,"22":1,"23":4,"24":1,"25":1},"b":{"0":[9,6],"1":[2,2],"2":[2,0],"3":[0,2],"4":[0,2],"5":[1,1],"6":[2,1],"7":[1,1],"8":[2,1],"9":[1,1]},"_coverageSchema":"1a1c01bbd47fc00a2c39e90264f33305004495a9","hash":"ad3b8df3ea41ad25acd28e17c9110c0b82f02162"}
}
