TN:
SF:server.js
FN:33,(anonymous_0)
FN:38,(anonymous_1)
FN:40,(anonymous_2)
FN:48,(anonymous_3)
FN:65,(anonymous_4)
FN:69,(anonymous_5)
FN:94,(anonymous_6)
FN:97,(anonymous_7)
FN:106,(anonymous_8)
FN:111,(anonymous_9)
FN:113,(anonymous_10)
FN:120,(anonymous_11)
FN:134,(anonymous_12)
FN:138,(anonymous_13)
FN:155,(anonymous_14)
FN:158,(anonymous_15)
FN:166,(anonymous_16)
FN:171,(anonymous_17)
FN:173,(anonymous_18)
FN:180,(anonymous_19)
FN:194,(anonymous_20)
FN:198,(anonymous_21)
FN:215,(anonymous_22)
FN:218,(anonymous_23)
FN:225,(anonymous_24)
FN:258,(anonymous_25)
FNF:26
FNH:26
FNDA:2,(anonymous_0)
FNDA:9,(anonymous_1)
FNDA:21,(anonymous_2)
FNDA:5,(anonymous_3)
FNDA:4,(anonymous_4)
FNDA:12,(anonymous_5)
FNDA:2,(anonymous_6)
FNDA:9,(anonymous_7)
FNDA:3,(anonymous_8)
FNDA:2,(anonymous_9)
FNDA:3,(anonymous_10)
FNDA:1,(anonymous_11)
FNDA:2,(anonymous_12)
FNDA:4,(anonymous_13)
FNDA:1,(anonymous_14)
FNDA:4,(anonymous_15)
FNDA:1,(anonymous_16)
FNDA:2,(anonymous_17)
FNDA:3,(anonymous_18)
FNDA:1,(anonymous_19)
FNDA:2,(anonymous_20)
FNDA:4,(anonymous_21)
FNDA:1,(anonymous_22)
FNDA:4,(anonymous_23)
FNDA:1,(anonymous_24)
FNDA:1,(anonymous_25)
DA:1,1
DA:2,1
DA:3,1
DA:4,1
DA:7,1
DA:8,1
DA:11,1
DA:16,1
DA:21,1
DA:26,1
DA:27,1
DA:28,1
DA:33,1
DA:34,2
DA:38,1
DA:39,9
DA:40,21
DA:44,9
DA:48,1
DA:49,5
DA:52,5
DA:60,5
DA:61,5
DA:65,1
DA:66,4
DA:67,4
DA:69,12
DA:72,4
DA:73,2
DA:80,2
DA:81,2
DA:85,2
DA:86,2
DA:87,2
DA:88,2
DA:90,2
DA:94,1
DA:95,2
DA:97,9
DA:100,2
DA:106,1
DA:107,3
DA:111,1
DA:112,2
DA:113,3
DA:116,2
DA:120,1
DA:121,1
DA:124,1
DA:129,1
DA:130,1
DA:134,1
DA:135,2
DA:136,2
DA:138,4
DA:141,2
DA:142,1
DA:146,1
DA:147,1
DA:150,1
DA:151,1
DA:155,1
DA:156,1
DA:158,4
DA:160,1
DA:166,1
DA:167,1
DA:171,1
DA:172,2
DA:173,3
DA:176,2
DA:180,1
DA:181,1
DA:184,1
DA:189,1
DA:190,1
DA:194,1
DA:195,2
DA:196,2
DA:198,4
DA:201,2
DA:202,1
DA:206,1
DA:207,1
DA:210,1
DA:211,1
DA:215,1
DA:216,1
DA:218,4
DA:220,1
DA:225,1
DA:226,1
DA:258,1
DA:259,1
DA:260,1
DA:261,1
DA:262,1
DA:263,1
DA:264,1
DA:265,1
DA:266,1
DA:267,1
DA:268,1
DA:269,1
DA:270,1
DA:271,1
DA:272,1
DA:273,1
DA:274,1
DA:275,1
DA:278,1
LF:111
LH:111
BRDA:44,0,0,9
BRDA:44,0,1,6
BRDA:72,1,0,2
BRDA:72,1,1,2
BRDA:85,2,0,2
BRDA:85,2,1,0
BRDA:86,3,0,0
BRDA:86,3,1,2
BRDA:87,4,0,0
BRDA:87,4,1,2
BRDA:88,5,0,1
BRDA:88,5,1,1
BRDA:116,6,0,2
BRDA:116,6,1,1
BRDA:141,7,0,1
BRDA:141,7,1,1
BRDA:176,8,0,2
BRDA:176,8,1,1
BRDA:201,9,0,1
BRDA:201,9,1,1
BRF:20
BRH:17
end_of_record
